[11:48:26] DeepAR.Eval: Not using cuda...
[11:48:26] DeepAR.Eval: Loading the datasets...
[11:48:26] DeepAR.Data: test_len: 67
[11:48:26] DeepAR.Data: building datasets from data/goog_stock_processed...
[11:48:26] DeepAR.Eval: - done.
[11:48:26] DeepAR.Eval: Starting evaluation
[11:50:04] DeepAR.Eval: Not using cuda...
[11:50:04] DeepAR.Eval: Loading the datasets...
[11:50:04] DeepAR.Data: test_len: 67
[11:50:04] DeepAR.Data: building datasets from data/goog_stock_processed...
[11:50:04] DeepAR.Eval: - done.
[11:50:04] DeepAR.Eval: Starting evaluation
[11:53:15] DeepAR.Eval: Not using cuda...
[11:53:15] DeepAR.Eval: Loading the datasets...
[11:53:15] DeepAR.Data: test_len: 67
[11:53:15] DeepAR.Data: building datasets from data/goog_stock_processed...
[11:53:15] DeepAR.Eval: - done.
[11:53:15] DeepAR.Eval: Starting evaluation
[11:57:11] DeepAR.Eval: Not using cuda...
[11:57:11] DeepAR.Eval: Loading the datasets...
[11:57:11] DeepAR.Data: test_len: 67
[11:57:11] DeepAR.Data: building datasets from data/goog_stock_processed...
[11:57:11] DeepAR.Eval: - done.
[11:57:11] DeepAR.Eval: Starting evaluation
[11:58:10] DeepAR.Eval: Not using cuda...
[11:58:10] DeepAR.Eval: Loading the datasets...
[11:58:10] DeepAR.Data: test_len: 67
[11:58:10] DeepAR.Data: building datasets from data/goog_stock_processed...
[11:58:10] DeepAR.Eval: - done.
[11:58:10] DeepAR.Eval: Starting evaluation
[12:03:26] DeepAR.Eval: Not using cuda...
[12:03:26] DeepAR.Eval: Loading the datasets...
[12:03:26] DeepAR.Data: test_len: 67
[12:03:26] DeepAR.Data: building datasets from data/goog_stock_processed...
[12:03:26] DeepAR.Eval: - done.
[12:03:26] DeepAR.Eval: Starting evaluation
