[10:56:13] DeepAR.Train: Loading the datasets...
[10:56:13] DeepAR.Data: train_len: 162
[10:56:13] DeepAR.Data: building datasets from data/t_stock_processed...
[10:56:13] DeepAR.Data: test_len: 67
[10:56:13] DeepAR.Data: building datasets from data/t_stock_processed...
[10:56:13] DeepAR.Data: weights: tensor([0.0062, 0.0061, 0.0062, 0.0062, 0.0062, 0.0062, 0.0062, 0.0062, 0.0062,
        0.0062, 0.0062, 0.0062, 0.0062, 0.0062, 0.0062, 0.0062, 0.0062, 0.0062,
        0.0062, 0.0062, 0.0062, 0.0062, 0.0062, 0.0062, 0.0062, 0.0062, 0.0062,
        0.0062, 0.0062, 0.0062, 0.0062, 0.0062, 0.0062, 0.0062, 0.0062, 0.0062,
        0.0062, 0.0062, 0.0062, 0.0062, 0.0062, 0.0062, 0.0062, 0.0062, 0.0062,
        0.0062, 0.0062, 0.0061, 0.0061, 0.0062, 0.0062, 0.0062, 0.0062, 0.0062,
        0.0062, 0.0062, 0.0062, 0.0062, 0.0062, 0.0062, 0.0062, 0.0062, 0.0062,
        0.0062, 0.0062, 0.0062, 0.0062, 0.0062, 0.0062, 0.0062, 0.0062, 0.0061,
        0.0062, 0.0061, 0.0062, 0.0062, 0.0062, 0.0062, 0.0062, 0.0062, 0.0062,
        0.0062, 0.0061, 0.0062, 0.0062, 0.0062, 0.0062, 0.0062, 0.0062, 0.0062,
        0.0062, 0.0062, 0.0062, 0.0062, 0.0062, 0.0062, 0.0062, 0.0062, 0.0062,
        0.0062, 0.0062, 0.0062, 0.0062, 0.0062, 0.0062, 0.0061, 0.0061, 0.0061,
        0.0062, 0.0062, 0.0062, 0.0062, 0.0061, 0.0061, 0.0061, 0.0061, 0.0062,
        0.0062, 0.0062, 0.0062, 0.0062, 0.0062, 0.0062, 0.0062, 0.0062, 0.0062,
        0.0062, 0.0062, 0.0062, 0.0062, 0.0062, 0.0062, 0.0062, 0.0062, 0.0062,
        0.0062, 0.0062, 0.0062, 0.0062, 0.0062, 0.0062, 0.0062, 0.0062, 0.0061,
        0.0061, 0.0061, 0.0061, 0.0062, 0.0062, 0.0062, 0.0062, 0.0062, 0.0062,
        0.0062, 0.0062, 0.0061, 0.0062, 0.0062, 0.0062, 0.0062, 0.0062, 0.0062],
       dtype=torch.float64)
[10:56:13] DeepAR.Data: num samples: 162
[10:56:13] DeepAR.Train: Loading complete.
[10:56:13] DeepAR.Train: Model: 
Net(
  (embedding): Embedding(1284, 24)
  (lstm): LSTM(34, 96, num_layers=2, dropout=0.15)
  (skip_connection): Linear(in_features=34, out_features=96, bias=True)
  (distribution_mu): Linear(in_features=192, out_features=1, bias=True)
  (distribution_presigma): Linear(in_features=192, out_features=1, bias=True)
  (distribution_sigma): Softplus(beta=1, threshold=20)
)
[10:56:14] DeepAR.Train: Starting training for 15 epoch(s)
[10:56:14] DeepAR.Train: begin training and evaluation
[10:56:14] DeepAR.Train: Epoch 1/15
[10:58:28] DeepAR.Train: Loading the datasets...
[10:58:28] DeepAR.Data: train_len: 162
[10:58:28] DeepAR.Data: building datasets from data/t_stock_processed...
[10:58:28] DeepAR.Data: test_len: 67
[10:58:28] DeepAR.Data: building datasets from data/t_stock_processed...
[10:58:28] DeepAR.Data: weights: tensor([0.0062, 0.0061, 0.0062, 0.0062, 0.0062, 0.0062, 0.0062, 0.0062, 0.0062,
        0.0062, 0.0062, 0.0062, 0.0062, 0.0062, 0.0062, 0.0062, 0.0062, 0.0062,
        0.0062, 0.0062, 0.0062, 0.0062, 0.0062, 0.0062, 0.0062, 0.0062, 0.0062,
        0.0062, 0.0062, 0.0062, 0.0062, 0.0062, 0.0062, 0.0062, 0.0062, 0.0062,
        0.0062, 0.0062, 0.0062, 0.0062, 0.0062, 0.0062, 0.0062, 0.0062, 0.0062,
        0.0062, 0.0062, 0.0061, 0.0061, 0.0062, 0.0062, 0.0062, 0.0062, 0.0062,
        0.0062, 0.0062, 0.0062, 0.0062, 0.0062, 0.0062, 0.0062, 0.0062, 0.0062,
        0.0062, 0.0062, 0.0062, 0.0062, 0.0062, 0.0062, 0.0062, 0.0062, 0.0061,
        0.0062, 0.0061, 0.0062, 0.0062, 0.0062, 0.0062, 0.0062, 0.0062, 0.0062,
        0.0062, 0.0061, 0.0062, 0.0062, 0.0062, 0.0062, 0.0062, 0.0062, 0.0062,
        0.0062, 0.0062, 0.0062, 0.0062, 0.0062, 0.0062, 0.0062, 0.0062, 0.0062,
        0.0062, 0.0062, 0.0062, 0.0062, 0.0062, 0.0062, 0.0061, 0.0061, 0.0061,
        0.0062, 0.0062, 0.0062, 0.0062, 0.0061, 0.0061, 0.0061, 0.0061, 0.0062,
        0.0062, 0.0062, 0.0062, 0.0062, 0.0062, 0.0062, 0.0062, 0.0062, 0.0062,
        0.0062, 0.0062, 0.0062, 0.0062, 0.0062, 0.0062, 0.0062, 0.0062, 0.0062,
        0.0062, 0.0062, 0.0062, 0.0062, 0.0062, 0.0062, 0.0062, 0.0062, 0.0061,
        0.0061, 0.0061, 0.0061, 0.0062, 0.0062, 0.0062, 0.0062, 0.0062, 0.0062,
        0.0062, 0.0062, 0.0061, 0.0062, 0.0062, 0.0062, 0.0062, 0.0062, 0.0062],
       dtype=torch.float64)
[10:58:28] DeepAR.Data: num samples: 162
[10:58:28] DeepAR.Train: Loading complete.
[10:58:28] DeepAR.Train: Model: 
Net(
  (embedding): Embedding(1284, 24)
  (lstm): LSTM(34, 96, num_layers=2, dropout=0.15)
  (skip_connection): Linear(in_features=34, out_features=96, bias=True)
  (distribution_mu): Linear(in_features=192, out_features=1, bias=True)
  (distribution_presigma): Linear(in_features=192, out_features=1, bias=True)
  (distribution_sigma): Softplus(beta=1, threshold=20)
)
[10:58:29] DeepAR.Train: Starting training for 15 epoch(s)
[10:58:29] DeepAR.Train: begin training and evaluation
[10:58:29] DeepAR.Train: Epoch 1/15
[11:00:20] DeepAR.Train: Loading the datasets...
[11:00:20] DeepAR.Data: train_len: 162
[11:00:20] DeepAR.Data: building datasets from data/t_stock_processed...
[11:00:20] DeepAR.Data: test_len: 67
[11:00:20] DeepAR.Data: building datasets from data/t_stock_processed...
[11:00:20] DeepAR.Data: weights: tensor([0.0062, 0.0061, 0.0062, 0.0062, 0.0062, 0.0062, 0.0062, 0.0062, 0.0062,
        0.0062, 0.0062, 0.0062, 0.0062, 0.0062, 0.0062, 0.0062, 0.0062, 0.0062,
        0.0062, 0.0062, 0.0062, 0.0062, 0.0062, 0.0062, 0.0062, 0.0062, 0.0062,
        0.0062, 0.0062, 0.0062, 0.0062, 0.0062, 0.0062, 0.0062, 0.0062, 0.0062,
        0.0062, 0.0062, 0.0062, 0.0062, 0.0062, 0.0062, 0.0062, 0.0062, 0.0062,
        0.0062, 0.0062, 0.0061, 0.0061, 0.0062, 0.0062, 0.0062, 0.0062, 0.0062,
        0.0062, 0.0062, 0.0062, 0.0062, 0.0062, 0.0062, 0.0062, 0.0062, 0.0062,
        0.0062, 0.0062, 0.0062, 0.0062, 0.0062, 0.0062, 0.0062, 0.0062, 0.0061,
        0.0062, 0.0061, 0.0062, 0.0062, 0.0062, 0.0062, 0.0062, 0.0062, 0.0062,
        0.0062, 0.0061, 0.0062, 0.0062, 0.0062, 0.0062, 0.0062, 0.0062, 0.0062,
        0.0062, 0.0062, 0.0062, 0.0062, 0.0062, 0.0062, 0.0062, 0.0062, 0.0062,
        0.0062, 0.0062, 0.0062, 0.0062, 0.0062, 0.0062, 0.0061, 0.0061, 0.0061,
        0.0062, 0.0062, 0.0062, 0.0062, 0.0061, 0.0061, 0.0061, 0.0061, 0.0062,
        0.0062, 0.0062, 0.0062, 0.0062, 0.0062, 0.0062, 0.0062, 0.0062, 0.0062,
        0.0062, 0.0062, 0.0062, 0.0062, 0.0062, 0.0062, 0.0062, 0.0062, 0.0062,
        0.0062, 0.0062, 0.0062, 0.0062, 0.0062, 0.0062, 0.0062, 0.0062, 0.0061,
        0.0061, 0.0061, 0.0061, 0.0062, 0.0062, 0.0062, 0.0062, 0.0062, 0.0062,
        0.0062, 0.0062, 0.0061, 0.0062, 0.0062, 0.0062, 0.0062, 0.0062, 0.0062],
       dtype=torch.float64)
[11:00:20] DeepAR.Data: num samples: 162
[11:00:20] DeepAR.Train: Loading complete.
[11:00:20] DeepAR.Train: Model: 
Net(
  (embedding): Embedding(1284, 24)
  (lstm): LSTM(33, 96, num_layers=2, dropout=0.15)
  (skip_connection): Linear(in_features=33, out_features=96, bias=True)
  (distribution_mu): Linear(in_features=192, out_features=1, bias=True)
  (distribution_presigma): Linear(in_features=192, out_features=1, bias=True)
  (distribution_sigma): Softplus(beta=1, threshold=20)
)
[11:00:21] DeepAR.Train: Starting training for 15 epoch(s)
[11:00:21] DeepAR.Train: begin training and evaluation
[11:00:21] DeepAR.Train: Epoch 1/15
[11:02:15] DeepAR.Eval: - Full test metrics: ND: 1.008; RMSE: 11.667; test_loss: 23.085
[11:02:15] DeepAR.Train: train_loss: 12121.046875
[11:02:15] DeepAR.Train: train_loss: 12121.046875
[11:07:40] DeepAR.Train: Loading the datasets...
[11:07:40] DeepAR.Data: train_len: 162
[11:07:40] DeepAR.Data: building datasets from data/t_stock_processed...
[11:07:40] DeepAR.Data: test_len: 67
[11:07:40] DeepAR.Data: building datasets from data/t_stock_processed...
[11:07:40] DeepAR.Data: weights: tensor([0.0062, 0.0061, 0.0062, 0.0062, 0.0062, 0.0062, 0.0062, 0.0062, 0.0062,
        0.0062, 0.0062, 0.0062, 0.0062, 0.0062, 0.0062, 0.0062, 0.0062, 0.0062,
        0.0062, 0.0062, 0.0062, 0.0062, 0.0062, 0.0062, 0.0062, 0.0062, 0.0062,
        0.0062, 0.0062, 0.0062, 0.0062, 0.0062, 0.0062, 0.0062, 0.0062, 0.0062,
        0.0062, 0.0062, 0.0062, 0.0062, 0.0062, 0.0062, 0.0062, 0.0062, 0.0062,
        0.0062, 0.0062, 0.0061, 0.0061, 0.0062, 0.0062, 0.0062, 0.0062, 0.0062,
        0.0062, 0.0062, 0.0062, 0.0062, 0.0062, 0.0062, 0.0062, 0.0062, 0.0062,
        0.0062, 0.0062, 0.0062, 0.0062, 0.0062, 0.0062, 0.0062, 0.0062, 0.0061,
        0.0062, 0.0061, 0.0062, 0.0062, 0.0062, 0.0062, 0.0062, 0.0062, 0.0062,
        0.0062, 0.0061, 0.0062, 0.0062, 0.0062, 0.0062, 0.0062, 0.0062, 0.0062,
        0.0062, 0.0062, 0.0062, 0.0062, 0.0062, 0.0062, 0.0062, 0.0062, 0.0062,
        0.0062, 0.0062, 0.0062, 0.0062, 0.0062, 0.0062, 0.0061, 0.0061, 0.0061,
        0.0062, 0.0062, 0.0062, 0.0062, 0.0061, 0.0061, 0.0061, 0.0061, 0.0062,
        0.0062, 0.0062, 0.0062, 0.0062, 0.0062, 0.0062, 0.0062, 0.0062, 0.0062,
        0.0062, 0.0062, 0.0062, 0.0062, 0.0062, 0.0062, 0.0062, 0.0062, 0.0062,
        0.0062, 0.0062, 0.0062, 0.0062, 0.0062, 0.0062, 0.0062, 0.0062, 0.0061,
        0.0061, 0.0061, 0.0061, 0.0062, 0.0062, 0.0062, 0.0062, 0.0062, 0.0062,
        0.0062, 0.0062, 0.0061, 0.0062, 0.0062, 0.0062, 0.0062, 0.0062, 0.0062],
       dtype=torch.float64)
[11:07:40] DeepAR.Data: num samples: 162
[11:07:40] DeepAR.Train: Loading complete.
[11:07:40] DeepAR.Train: Model: 
Net(
  (embedding): Embedding(1284, 24)
  (lstm): LSTM(33, 96, num_layers=2, dropout=0.15)
  (skip_connection): Linear(in_features=33, out_features=96, bias=True)
  (distribution_mu): Linear(in_features=192, out_features=1, bias=True)
  (distribution_presigma): Linear(in_features=192, out_features=1, bias=True)
  (distribution_sigma): Softplus(beta=1, threshold=20)
)
[11:07:41] DeepAR.Train: Starting training for 15 epoch(s)
[11:07:41] DeepAR.Train: begin training and evaluation
[11:07:41] DeepAR.Train: Epoch 1/15
[11:08:03] DeepAR.Eval: - Full test metrics: ND: 1.001; RMSE: 14.211; test_loss: 11.893
[11:08:03] DeepAR.Train: train_loss: 9926.041015625
[11:08:03] DeepAR.Train: train_loss: 9926.041015625
[11:09:05] DeepAR.Eval: - Full test metrics: ND: 1.052; RMSE: 3.161; test_loss: 6.572
[11:09:05] DeepAR.Utils: Checkpoint saved to experiments/base_model/epoch_0.pth.tar
[11:09:05] DeepAR.Utils: Best checkpoint copied to best.pth.tar
[11:09:05] DeepAR.Train: - Found new best ND
[11:09:05] DeepAR.Train: Current Best ND is: 1.05201
[11:09:05] DeepAR.Train: Epoch 2/15
[11:09:35] DeepAR.Eval: - Full test metrics: ND: 1.014; RMSE: 2.830; test_loss: 8.821
[11:09:35] DeepAR.Train: train_loss: 915.6550903320312
[11:09:35] DeepAR.Train: train_loss: 915.6550903320312
[11:10:32] DeepAR.Eval: - Full test metrics: ND: 1.000; RMSE: 2.781; test_loss: 6.565
[11:10:32] DeepAR.Utils: Checkpoint saved to experiments/base_model/epoch_1.pth.tar
[11:10:32] DeepAR.Utils: Best checkpoint copied to best.pth.tar
[11:10:32] DeepAR.Train: - Found new best ND
[11:10:32] DeepAR.Train: Current Best ND is: 1.00039
[11:10:32] DeepAR.Train: Epoch 3/15
[11:11:01] DeepAR.Eval: - Full test metrics: ND: 1.000; RMSE: 3.676; test_loss: 5.697
[11:11:01] DeepAR.Train: train_loss: 616.5209350585938
[11:11:01] DeepAR.Train: train_loss: 616.5209350585938
[11:11:57] DeepAR.Eval: - Full test metrics: ND: 1.000; RMSE: 5.392; test_loss: 5.148
[11:11:57] DeepAR.Utils: Checkpoint saved to experiments/base_model/epoch_2.pth.tar
[11:11:57] DeepAR.Utils: Best checkpoint copied to best.pth.tar
[11:11:57] DeepAR.Train: - Found new best ND
[11:11:57] DeepAR.Train: Current Best ND is: 1.00023
[11:11:57] DeepAR.Train: Epoch 4/15
[11:12:24] DeepAR.Eval: - Full test metrics: ND: 1.000; RMSE: 5.997; test_loss: 6.621
[11:12:24] DeepAR.Train: train_loss: 4467.81787109375
[11:12:24] DeepAR.Train: train_loss: 4467.81787109375
[11:13:15] DeepAR.Eval: - Full test metrics: ND: 1.005; RMSE: 4.810; test_loss: 9.603
[11:13:15] DeepAR.Utils: Checkpoint saved to experiments/base_model/epoch_3.pth.tar
[11:13:15] DeepAR.Train: Current Best ND is: 1.00023
[11:13:15] DeepAR.Train: Epoch 5/15
[11:13:41] DeepAR.Eval: - Full test metrics: ND: 1.006; RMSE: 3.969; test_loss: 27.556
[11:13:41] DeepAR.Train: train_loss: 315.1312255859375
[11:13:41] DeepAR.Train: train_loss: 315.1312255859375
[11:14:31] DeepAR.Eval: - Full test metrics: ND: 1.002; RMSE: 3.741; test_loss: 6.096
[11:14:31] DeepAR.Utils: Checkpoint saved to experiments/base_model/epoch_4.pth.tar
[11:14:31] DeepAR.Train: Current Best ND is: 1.00023
[11:14:31] DeepAR.Train: Epoch 6/15
[11:15:03] DeepAR.Eval: - Full test metrics: ND: 1.000; RMSE: 3.448; test_loss: 4.675
[11:15:03] DeepAR.Train: train_loss: 614.6696166992188
[11:15:03] DeepAR.Train: train_loss: 614.6696166992188
[11:16:03] DeepAR.Eval: - Full test metrics: ND: 1.006; RMSE: 3.718; test_loss: 11.607
[11:16:03] DeepAR.Utils: Checkpoint saved to experiments/base_model/epoch_5.pth.tar
[11:16:03] DeepAR.Train: Current Best ND is: 1.00023
[11:16:03] DeepAR.Train: Epoch 7/15
[11:16:31] DeepAR.Eval: - Full test metrics: ND: 1.011; RMSE: 4.589; test_loss: 13.233
[11:16:31] DeepAR.Train: train_loss: 3499.16259765625
[11:16:31] DeepAR.Train: train_loss: 3499.16259765625
[11:17:21] DeepAR.Eval: - Full test metrics: ND: 1.005; RMSE: 6.265; test_loss: 13.057
[11:17:21] DeepAR.Utils: Checkpoint saved to experiments/base_model/epoch_6.pth.tar
[11:17:21] DeepAR.Train: Current Best ND is: 1.00023
[11:17:21] DeepAR.Train: Epoch 8/15
[11:17:50] DeepAR.Eval: - Full test metrics: ND: 1.016; RMSE: 5.188; test_loss: 12.051
[11:17:50] DeepAR.Train: train_loss: 371.17779541015625
[11:17:50] DeepAR.Train: train_loss: 371.17779541015625
[11:18:47] DeepAR.Eval: - Full test metrics: ND: 1.011; RMSE: 1.630; test_loss: 5.651
[11:18:47] DeepAR.Utils: Checkpoint saved to experiments/base_model/epoch_7.pth.tar
[11:18:47] DeepAR.Train: Current Best ND is: 1.00023
[11:18:47] DeepAR.Train: Epoch 9/15
[11:19:17] DeepAR.Eval: - Full test metrics: ND: 1.000; RMSE: 3.538; test_loss: 7.436
[11:19:17] DeepAR.Train: train_loss: 2503.963134765625
[11:19:17] DeepAR.Train: train_loss: 2503.963134765625
[11:20:14] DeepAR.Eval: - Full test metrics: ND: 1.003; RMSE: 3.034; test_loss: 10.019
[11:20:14] DeepAR.Utils: Checkpoint saved to experiments/base_model/epoch_8.pth.tar
[11:20:14] DeepAR.Train: Current Best ND is: 1.00023
[11:20:14] DeepAR.Train: Epoch 10/15
[11:20:42] DeepAR.Eval: - Full test metrics: ND: 0.999; RMSE: 3.534; test_loss: 6.323
[11:20:42] DeepAR.Train: train_loss: 3137.15625
[11:20:42] DeepAR.Train: train_loss: 3137.15625
[11:21:41] DeepAR.Eval: - Full test metrics: ND: 1.000; RMSE: 3.265; test_loss: 6.115
[11:21:41] DeepAR.Utils: Checkpoint saved to experiments/base_model/epoch_9.pth.tar
[11:21:41] DeepAR.Train: Current Best ND is: 1.00023
[11:21:42] DeepAR.Train: Epoch 11/15
[11:22:08] DeepAR.Eval: - Full test metrics: ND: 1.000; RMSE: 3.927; test_loss: 5.678
[11:22:08] DeepAR.Train: train_loss: 569.6235961914062
[11:22:08] DeepAR.Train: train_loss: 569.6235961914062
[11:23:02] DeepAR.Eval: - Full test metrics: ND: 1.000; RMSE: 3.654; test_loss: 5.747
[11:23:02] DeepAR.Utils: Checkpoint saved to experiments/base_model/epoch_10.pth.tar
[11:23:02] DeepAR.Utils: Best checkpoint copied to best.pth.tar
[11:23:02] DeepAR.Train: - Found new best ND
[11:23:02] DeepAR.Train: Current Best ND is: 0.99965
[11:23:02] DeepAR.Train: Epoch 12/15
[11:23:30] DeepAR.Eval: - Full test metrics: ND: 1.000; RMSE: 3.020; test_loss: 6.221
[11:23:30] DeepAR.Train: train_loss: 1888.32568359375
[11:23:30] DeepAR.Train: train_loss: 1888.32568359375
[11:24:18] DeepAR.Eval: - Full test metrics: ND: 1.000; RMSE: 3.897; test_loss: 5.868
[11:24:18] DeepAR.Utils: Checkpoint saved to experiments/base_model/epoch_11.pth.tar
[11:24:18] DeepAR.Train: Current Best ND is: 0.99965
[11:24:18] DeepAR.Train: Epoch 13/15
[11:24:48] DeepAR.Eval: - Full test metrics: ND: 1.000; RMSE: 4.420; test_loss: 5.545
[11:24:48] DeepAR.Train: train_loss: 287.211669921875
[11:24:48] DeepAR.Train: train_loss: 287.211669921875
[11:25:42] DeepAR.Eval: - Full test metrics: ND: 1.010; RMSE: 1.620; test_loss: 5.476
[11:25:42] DeepAR.Utils: Checkpoint saved to experiments/base_model/epoch_12.pth.tar
[11:25:42] DeepAR.Train: Current Best ND is: 0.99965
[11:25:42] DeepAR.Train: Epoch 14/15
[11:26:12] DeepAR.Eval: - Full test metrics: ND: 1.091; RMSE: 1.445; test_loss: 6.397
[11:26:12] DeepAR.Train: train_loss: 135.46563720703125
[11:26:12] DeepAR.Train: train_loss: 135.46563720703125
[11:27:04] DeepAR.Eval: - Full test metrics: ND: 1.000; RMSE: 1.925; test_loss: 4.079
[11:27:04] DeepAR.Utils: Checkpoint saved to experiments/base_model/epoch_13.pth.tar
[11:27:04] DeepAR.Train: Current Best ND is: 0.99965
[11:27:04] DeepAR.Train: Epoch 15/15
[11:27:33] DeepAR.Eval: - Full test metrics: ND: 1.031; RMSE: 1.573; test_loss: 4.569
[11:27:33] DeepAR.Train: train_loss: 1402.7520751953125
[11:27:33] DeepAR.Train: train_loss: 1402.7520751953125
[11:28:27] DeepAR.Eval: - Full test metrics: ND: 1.016; RMSE: 1.965; test_loss: 5.898
[11:28:27] DeepAR.Utils: Checkpoint saved to experiments/base_model/epoch_14.pth.tar
[11:28:27] DeepAR.Train: Current Best ND is: 0.99965
[13:50:13] DeepAR.Train: Loading the datasets...
[13:50:13] DeepAR.Data: train_len: 162
[13:50:13] DeepAR.Data: building datasets from data/goog_stock_processed...
[13:50:13] DeepAR.Data: test_len: 67
[13:50:13] DeepAR.Data: building datasets from data/goog_stock_processed...
[13:50:13] DeepAR.Data: weights: tensor([0.0062, 0.0062, 0.0062, 0.0062, 0.0062, 0.0062, 0.0062, 0.0062, 0.0062,
        0.0062, 0.0062, 0.0062, 0.0061, 0.0061, 0.0062, 0.0062, 0.0062, 0.0062,
        0.0062, 0.0062, 0.0062, 0.0062, 0.0062, 0.0062, 0.0062, 0.0062, 0.0062,
        0.0062, 0.0062, 0.0062, 0.0062, 0.0062, 0.0062, 0.0062, 0.0062, 0.0062,
        0.0062, 0.0062, 0.0062, 0.0062, 0.0062, 0.0062, 0.0062, 0.0062, 0.0062,
        0.0062, 0.0062, 0.0062, 0.0062, 0.0062, 0.0062, 0.0062, 0.0062, 0.0062,
        0.0062, 0.0062, 0.0062, 0.0062, 0.0062, 0.0062, 0.0062, 0.0062, 0.0062,
        0.0061, 0.0062, 0.0062, 0.0062, 0.0062, 0.0062, 0.0062, 0.0062, 0.0062,
        0.0062, 0.0062, 0.0062, 0.0062, 0.0062, 0.0062, 0.0061, 0.0061, 0.0062,
        0.0062, 0.0062, 0.0062, 0.0062, 0.0061, 0.0062, 0.0062, 0.0062, 0.0062,
        0.0062, 0.0061, 0.0061, 0.0061, 0.0061, 0.0061, 0.0062, 0.0062, 0.0062,
        0.0062, 0.0062, 0.0062, 0.0062, 0.0062, 0.0062, 0.0062, 0.0062, 0.0062,
        0.0062, 0.0062, 0.0062, 0.0061, 0.0061, 0.0061, 0.0061, 0.0061, 0.0062,
        0.0062, 0.0061, 0.0062, 0.0062, 0.0062, 0.0062, 0.0062, 0.0061, 0.0061,
        0.0061, 0.0062, 0.0062, 0.0062, 0.0062, 0.0062, 0.0062, 0.0061, 0.0062,
        0.0061, 0.0062, 0.0062, 0.0062, 0.0062, 0.0062, 0.0062, 0.0062, 0.0062,
        0.0062, 0.0062, 0.0062, 0.0062, 0.0062, 0.0062, 0.0062, 0.0062, 0.0062,
        0.0062, 0.0062, 0.0062, 0.0062, 0.0062, 0.0062, 0.0062, 0.0062, 0.0062],
       dtype=torch.float64)
[13:50:13] DeepAR.Data: num samples: 162
[13:50:13] DeepAR.Train: Loading complete.
[13:50:13] DeepAR.Train: Model: 
Net(
  (embedding): Embedding(1284, 24)
  (lstm): LSTM(34, 96, num_layers=2, dropout=0.15)
  (skip_connection): Linear(in_features=34, out_features=96, bias=True)
  (distribution_mu): Linear(in_features=192, out_features=1, bias=True)
  (distribution_presigma): Linear(in_features=192, out_features=1, bias=True)
  (distribution_sigma): Softplus(beta=1.0, threshold=20.0)
)
[13:50:15] DeepAR.Train: Starting training for 15 epoch(s)
[13:50:15] DeepAR.Train: begin training and evaluation
[13:50:15] DeepAR.Train: Epoch 1/15
[13:50:37] DeepAR.Eval: - Full test metrics: ND: 1.908; RMSE: 6.666; test_loss: 19.906
[13:50:37] DeepAR.Train: train_loss: 2207.25537109375
[13:50:37] DeepAR.Train: train_loss: 2207.25537109375
[13:51:29] DeepAR.Eval: - Full test metrics: ND: 1.049; RMSE: 4.855; test_loss: 8.079
[13:51:29] DeepAR.Utils: Checkpoint saved to experiments/goog_base_model/epoch_0.pth.tar
[13:51:29] DeepAR.Utils: Best checkpoint copied to best.pth.tar
[13:51:29] DeepAR.Train: - Found new best ND
[13:51:29] DeepAR.Train: Current Best ND is: 1.04926
[13:51:29] DeepAR.Train: Epoch 2/15
[13:51:59] DeepAR.Eval: - Full test metrics: ND: 1.017; RMSE: 4.064; test_loss: 7.308
[13:51:59] DeepAR.Train: train_loss: 704.8145751953125
[13:51:59] DeepAR.Train: train_loss: 704.8145751953125
[13:52:51] DeepAR.Eval: - Full test metrics: ND: 3.404; RMSE: 2.662; test_loss: 5.425
[13:52:51] DeepAR.Utils: Checkpoint saved to experiments/goog_base_model/epoch_1.pth.tar
[13:52:51] DeepAR.Train: Current Best ND is: 1.04926
[13:52:51] DeepAR.Train: Epoch 3/15
[13:53:24] DeepAR.Eval: - Full test metrics: ND: 1.370; RMSE: 3.483; test_loss: 11.171
[13:53:24] DeepAR.Train: train_loss: 7629.16064453125
[13:53:24] DeepAR.Train: train_loss: 7629.16064453125
[13:54:11] DeepAR.Eval: - Full test metrics: ND: 1.507; RMSE: 4.368; test_loss: 7.419
[13:54:11] DeepAR.Utils: Checkpoint saved to experiments/goog_base_model/epoch_2.pth.tar
[13:54:11] DeepAR.Train: Current Best ND is: 1.04926
[13:54:11] DeepAR.Train: Epoch 4/15
[13:54:42] DeepAR.Eval: - Full test metrics: ND: 1.723; RMSE: 3.939; test_loss: 6.143
[13:54:42] DeepAR.Train: train_loss: 7365.0693359375
[13:54:42] DeepAR.Train: train_loss: 7365.0693359375
[13:55:35] DeepAR.Eval: - Full test metrics: ND: 1.994; RMSE: 2.424; test_loss: 5.888
[13:55:35] DeepAR.Utils: Checkpoint saved to experiments/goog_base_model/epoch_3.pth.tar
[13:55:35] DeepAR.Train: Current Best ND is: 1.04926
[13:55:35] DeepAR.Train: Epoch 5/15
[13:56:02] DeepAR.Eval: - Full test metrics: ND: 1.315; RMSE: 2.272; test_loss: 5.229
[13:56:02] DeepAR.Train: train_loss: 251.1380615234375
[13:56:02] DeepAR.Train: train_loss: 251.1380615234375
[13:56:46] DeepAR.Eval: - Full test metrics: ND: 1.092; RMSE: 2.437; test_loss: 4.138
[13:56:46] DeepAR.Utils: Checkpoint saved to experiments/goog_base_model/epoch_4.pth.tar
[13:56:46] DeepAR.Train: Current Best ND is: 1.04926
[13:56:46] DeepAR.Train: Epoch 6/15
[13:57:12] DeepAR.Eval: - Full test metrics: ND: 2.068; RMSE: 1.818; test_loss: 4.089
[13:57:12] DeepAR.Train: train_loss: 226.41995239257812
[13:57:12] DeepAR.Train: train_loss: 226.41995239257812
[13:58:05] DeepAR.Eval: - Full test metrics: ND: 1.385; RMSE: 1.990; test_loss: 3.913
[13:58:05] DeepAR.Utils: Checkpoint saved to experiments/goog_base_model/epoch_5.pth.tar
[13:58:05] DeepAR.Train: Current Best ND is: 1.04926
[13:58:05] DeepAR.Train: Epoch 7/15
[13:58:37] DeepAR.Eval: - Full test metrics: ND: 1.268; RMSE: 2.236; test_loss: 3.979
[13:58:37] DeepAR.Train: train_loss: 173.56394958496094
[13:58:37] DeepAR.Train: train_loss: 173.56394958496094
[13:59:27] DeepAR.Eval: - Full test metrics: ND: 1.524; RMSE: 1.488; test_loss: 3.973
[13:59:27] DeepAR.Utils: Checkpoint saved to experiments/goog_base_model/epoch_6.pth.tar
[13:59:27] DeepAR.Train: Current Best ND is: 1.04926
[13:59:27] DeepAR.Train: Epoch 8/15
[13:59:55] DeepAR.Eval: - Full test metrics: ND: 1.500; RMSE: 1.375; test_loss: 3.327
[13:59:55] DeepAR.Train: train_loss: 1128.7967529296875
[13:59:55] DeepAR.Train: train_loss: 1128.7967529296875
[14:00:43] DeepAR.Eval: - Full test metrics: ND: 1.041; RMSE: 2.807; test_loss: 3.555
[14:00:43] DeepAR.Utils: Checkpoint saved to experiments/goog_base_model/epoch_7.pth.tar
[14:00:43] DeepAR.Utils: Best checkpoint copied to best.pth.tar
[14:00:43] DeepAR.Train: - Found new best ND
[14:00:43] DeepAR.Train: Current Best ND is: 1.04148
[14:00:43] DeepAR.Train: Epoch 9/15
[14:01:09] DeepAR.Eval: - Full test metrics: ND: 6.770; RMSE: 2.155; test_loss: 3.285
[14:01:09] DeepAR.Train: train_loss: 763.9371948242188
[14:01:09] DeepAR.Train: train_loss: 763.9371948242188
[14:01:57] DeepAR.Eval: - Full test metrics: ND: 1.870; RMSE: 1.456; test_loss: 2.992
[14:01:57] DeepAR.Utils: Checkpoint saved to experiments/goog_base_model/epoch_8.pth.tar
[14:01:57] DeepAR.Train: Current Best ND is: 1.04148
[14:01:57] DeepAR.Train: Epoch 10/15
[14:02:24] DeepAR.Eval: - Full test metrics: ND: 1.166; RMSE: 1.464; test_loss: 3.132
[14:02:24] DeepAR.Train: train_loss: 207.90614318847656
[14:02:24] DeepAR.Train: train_loss: 207.90614318847656
[14:03:16] DeepAR.Eval: - Full test metrics: ND: 1.942; RMSE: 2.190; test_loss: 3.606
[14:03:16] DeepAR.Utils: Checkpoint saved to experiments/goog_base_model/epoch_9.pth.tar
[14:03:16] DeepAR.Train: Current Best ND is: 1.04148
[14:03:16] DeepAR.Train: Epoch 11/15
[14:03:45] DeepAR.Eval: - Full test metrics: ND: 1.731; RMSE: 2.456; test_loss: 3.571
[14:03:45] DeepAR.Train: train_loss: 242.93246459960938
[14:03:45] DeepAR.Train: train_loss: 242.93246459960938
[14:04:36] DeepAR.Eval: - Full test metrics: ND: 1.671; RMSE: 1.777; test_loss: 3.692
[14:04:36] DeepAR.Utils: Checkpoint saved to experiments/goog_base_model/epoch_10.pth.tar
[14:04:36] DeepAR.Train: Current Best ND is: 1.04148
[14:04:36] DeepAR.Train: Epoch 12/15
[14:05:06] DeepAR.Eval: - Full test metrics: ND: 1.654; RMSE: 1.931; test_loss: 3.385
[14:05:06] DeepAR.Train: train_loss: 240.30299377441406
[14:05:06] DeepAR.Train: train_loss: 240.30299377441406
[14:05:53] DeepAR.Eval: - Full test metrics: ND: 2.109; RMSE: 1.622; test_loss: 3.298
[14:05:53] DeepAR.Utils: Checkpoint saved to experiments/goog_base_model/epoch_11.pth.tar
[14:05:53] DeepAR.Train: Current Best ND is: 1.04148
[14:05:53] DeepAR.Train: Epoch 13/15
[14:06:26] DeepAR.Eval: - Full test metrics: ND: 2.205; RMSE: 1.823; test_loss: 3.637
[14:06:26] DeepAR.Train: train_loss: 254.2256622314453
[14:06:26] DeepAR.Train: train_loss: 254.2256622314453
[14:07:17] DeepAR.Eval: - Full test metrics: ND: 2.016; RMSE: 2.192; test_loss: 3.685
[14:07:17] DeepAR.Utils: Checkpoint saved to experiments/goog_base_model/epoch_12.pth.tar
[14:07:17] DeepAR.Train: Current Best ND is: 1.04148
[14:07:17] DeepAR.Train: Epoch 14/15
[14:07:45] DeepAR.Eval: - Full test metrics: ND: 1.411; RMSE: 2.159; test_loss: 3.298
[14:07:45] DeepAR.Train: train_loss: 347.5740051269531
[14:07:45] DeepAR.Train: train_loss: 347.5740051269531
[14:08:35] DeepAR.Eval: - Full test metrics: ND: 1.344; RMSE: 2.354; test_loss: 4.732
[14:08:35] DeepAR.Utils: Checkpoint saved to experiments/goog_base_model/epoch_13.pth.tar
[14:08:35] DeepAR.Train: Current Best ND is: 1.04148
[14:08:35] DeepAR.Train: Epoch 15/15
[14:09:05] DeepAR.Eval: - Full test metrics: ND: 1.423; RMSE: 2.052; test_loss: 4.812
[14:09:05] DeepAR.Train: train_loss: 460.8614501953125
[14:09:05] DeepAR.Train: train_loss: 460.8614501953125
[14:10:02] DeepAR.Eval: - Full test metrics: ND: 1.228; RMSE: 2.627; test_loss: 4.109
[14:10:02] DeepAR.Utils: Checkpoint saved to experiments/goog_base_model/epoch_14.pth.tar
[14:10:02] DeepAR.Train: Current Best ND is: 1.04148
