[04:26:30] DeepAR.Eval: Not using cuda...
[04:26:30] DeepAR.Eval: Loading the datasets...
[04:26:30] DeepAR.Data: test_len: 67
[04:26:30] DeepAR.Data: building datasets from data/t_stock_processed...
[04:26:30] DeepAR.Eval: - done.
[04:26:30] DeepAR.Eval: Starting evaluation
[04:27:43] DeepAR.Eval: - Full test metrics: ND: 1.022; RMSE: 2.930; test_loss: 5.565; rou90: 9.777; rou50: 14.695
[04:27:44] DeepAR.Eval: Loading original stock data: ../data/stock/cvs_stock_wsenti.csv
[04:27:44] DeepAR.Eval: Evaluation with original data - MAE: 0.030820, RMSE: 0.040077, Direction Accuracy: 0.5278
[04:27:44] DeepAR.Eval: Prediction date range: 2024-09-18 to 2025-02-24
[04:27:44] DeepAR.Eval: Prediction results saved to: experiments/t_base_model/deepar_predictions.csv
[04:27:44] DeepAR.Eval: Prediction visualization chart saved to: experiments/t_base_model/deepar_predictions_plot.png
[04:27:44] DeepAR.Eval: Prediction generation complete. Summary statistics:
[04:27:44] DeepAR.Eval: Number of samples: 67
[04:27:44] DeepAR.Eval: Mean Absolute Error (MAE): 0.028374
[04:27:44] DeepAR.Eval: Root Mean Square Error (RMSE): 0.032456
[04:27:44] DeepAR.Eval: Direction Accuracy: 0.4925
[04:27:44] DeepAR.Eval: Prediction data saved to: experiments/t_base_model/predictions_data_epoch_14.json
[04:30:44] DeepAR.Eval: Not using cuda...
[04:30:44] DeepAR.Eval: Loading the datasets...
[04:30:44] DeepAR.Data: test_len: 67
[04:30:44] DeepAR.Data: building datasets from data/t_stock_processed...
[04:30:44] DeepAR.Eval: - done.
[04:30:44] DeepAR.Eval: Starting evaluation
[04:31:51] DeepAR.Eval: - Full test metrics: ND: 1.035; RMSE: 2.979; test_loss: 5.539; rou90: 9.853; rou50: 14.842
[04:31:51] DeepAR.Eval: Loading original stock data: ../data/stock/t_stock_data.csv
[04:31:51] DeepAR.Eval: Evaluation with original data - MAE: 0.027029, RMSE: 0.032320, Direction Accuracy: 0.5463
[04:31:51] DeepAR.Eval: Prediction date range: 2024-09-18 to 2025-02-24
[04:31:51] DeepAR.Eval: Prediction results saved to: experiments/t_base_model/deepar_predictions.csv
[04:31:51] DeepAR.Eval: Prediction visualization chart saved to: experiments/t_base_model/deepar_predictions_plot.png
[04:31:51] DeepAR.Eval: Prediction generation complete. Summary statistics:
[04:31:51] DeepAR.Eval: Number of samples: 67
[04:31:51] DeepAR.Eval: Mean Absolute Error (MAE): 0.027302
[04:31:51] DeepAR.Eval: Root Mean Square Error (RMSE): 0.030827
[04:31:51] DeepAR.Eval: Direction Accuracy: 0.5373
[04:31:51] DeepAR.Eval: Prediction data saved to: experiments/t_base_model/predictions_data_epoch_14.json
